<?xml version="1.0" encoding="UTF-8"?>
<!-- Generated by org.testng.reporters.JUnitReportReporter -->
<testsuite hostname="LAPTOP-BADH85B6" failures="0" tests="1" name="fileUpload.Method1" time="15.378" errors="0" timestamp="2022-04-14T17:04:25 MST" skipped="0">
  <testcase classname="fileUpload.Method1" name="login" time="15.378"/>
  <system-out/>
</testsuite> <!-- fileUpload.Method1 -->
