<?xml version="1.0" encoding="UTF-8"?>
<!-- Generated by org.testng.reporters.JUnitReportReporter -->
<testsuite hostname="LAPTOP-BADH85B6" failures="0" tests="1" name="fileUpload.Method2" time="14.042" errors="0" timestamp="2022-04-15T17:17:44 MST" skipped="0">
  <testcase classname="fileUpload.Method2" name="usingSendKeys" time="14.042"/>
  <system-out/>
</testsuite> <!-- fileUpload.Method2 -->
