<?xml version="1.0" encoding="UTF-8"?>
<!-- Generated by org.testng.reporters.JUnitReportReporter -->
<testsuite hostname="LAPTOP-BADH85B6" failures="0" tests="1" name="fileUpload.Method3" time="18.921" errors="0" timestamp="2022-04-16T02:13:39 MST" skipped="0">
  <testcase classname="fileUpload.Method3" name="usingAutoIT" time="18.921"/>
  <system-out/>
</testsuite> <!-- fileUpload.Method3 -->
